<?xml version="1.0" encoding="UTF-8"?>
<testsuite name="JUnit.practice.LogicTest" tests="2" skipped="0" failures="0" errors="0" timestamp="2019-05-21T15:44:31" hostname="inv5451-nb" time="0.049">
  <properties/>
  <testcase name="fillLinkedList()" classname="JUnit.practice.LogicTest" time="0.043"/>
  <testcase name="fillArrayList()" classname="JUnit.practice.LogicTest" time="0.003"/>
  <system-out><![CDATA[]]></system-out>
  <system-err><![CDATA[мая 21, 2019 6:44:31 PM JUnit.practice.TestExtention afterTestExecution
INFO: Method [fillLinkedList] took 10 ms.
мая 21, 2019 6:44:31 PM JUnit.practice.TestExtention afterTestExecution
INFO: Method [fillArrayList] took 0 ms.
]]></system-err>
</testsuite>
